have_func: checking for rb_absint_size()... -------------------- yes

"clang -fdeclspec -o conftest -I/Users/takakusakidaichi/.rbenv/versions/3.0.7/include/ruby-3.0.0/x86_64-darwin24 -I/Users/takakusakidaichi/.rbenv/versions/3.0.7/include/ruby-3.0.0/ruby/backward -I/Users/takakusakidaichi/.rbenv/versions/3.0.7/include/ruby-3.0.0 -I. -I/usr/local/opt/openssl@1.1/include -I/opt/homebrew/opt/openssl@1.1/include -D_XOPEN_SOURCE -D_DARWIN_C_SOURCE -D_DARWIN_UNLIMITED_SELECT -D_REENTRANT    -w -pipe conftest.c  -L. -L/Users/takakusakidaichi/.rbenv/versions/3.0.7/lib -L/usr/local/opt/openssl@1.1/lib -L. -L/usr/local/opt/openssl@1.1/lib -fstack-protector-strong -L/usr/local/lib     -lruby.3.0-static -framework Security -framework Foundation -lpthread -lgmp -ldl -lobjc   "
checked program was:
/* begin */
1: #include "ruby.h"
2: 
3: int main(int argc, char **argv)
4: {
5:   return !!argv[argc];
6: }
/* end */

"clang -fdeclspec -o conftest -I/Users/takakusakidaichi/.rbenv/versions/3.0.7/include/ruby-3.0.0/x86_64-darwin24 -I/Users/takakusakidaichi/.rbenv/versions/3.0.7/include/ruby-3.0.0/ruby/backward -I/Users/takakusakidaichi/.rbenv/versions/3.0.7/include/ruby-3.0.0 -I. -I/usr/local/opt/openssl@1.1/include -I/opt/homebrew/opt/openssl@1.1/include -D_XOPEN_SOURCE -D_DARWIN_C_SOURCE -D_DARWIN_UNLIMITED_SELECT -D_REENTRANT    -w -pipe conftest.c  -L. -L/Users/takakusakidaichi/.rbenv/versions/3.0.7/lib -L/usr/local/opt/openssl@1.1/lib -L. -L/usr/local/opt/openssl@1.1/lib -fstack-protector-strong -L/usr/local/lib     -lruby.3.0-static -framework Security -framework Foundation -lpthread -lgmp -ldl -lobjc   "
checked program was:
/* begin */
 1: #include "ruby.h"
 2: 
 3: /*top*/
 4: extern int t(void);
 5: int main(int argc, char **argv)
 6: {
 7:   if (argc > 1000000) {
 8:     int (* volatile tp)(void)=(int (*)(void))&t;
 9:     printf("%d", (*tp)());
10:   }
11: 
12:   return !!argv[argc];
13: }
14: int t(void) { void ((*volatile p)()); p = (void ((*)()))rb_absint_size; return !p; }
/* end */

--------------------

have_func: checking for rb_absint_singlebit_p()... -------------------- yes

"clang -fdeclspec -o conftest -I/Users/takakusakidaichi/.rbenv/versions/3.0.7/include/ruby-3.0.0/x86_64-darwin24 -I/Users/takakusakidaichi/.rbenv/versions/3.0.7/include/ruby-3.0.0/ruby/backward -I/Users/takakusakidaichi/.rbenv/versions/3.0.7/include/ruby-3.0.0 -I. -I/usr/local/opt/openssl@1.1/include -I/opt/homebrew/opt/openssl@1.1/include -D_XOPEN_SOURCE -D_DARWIN_C_SOURCE -D_DARWIN_UNLIMITED_SELECT -D_REENTRANT    -w -pipe conftest.c  -L. -L/Users/takakusakidaichi/.rbenv/versions/3.0.7/lib -L/usr/local/opt/openssl@1.1/lib -L. -L/usr/local/opt/openssl@1.1/lib -fstack-protector-strong -L/usr/local/lib     -lruby.3.0-static -framework Security -framework Foundation -lpthread -lgmp -ldl -lobjc   "
checked program was:
/* begin */
 1: #include "ruby.h"
 2: 
 3: /*top*/
 4: extern int t(void);
 5: int main(int argc, char **argv)
 6: {
 7:   if (argc > 1000000) {
 8:     int (* volatile tp)(void)=(int (*)(void))&t;
 9:     printf("%d", (*tp)());
10:   }
11: 
12:   return !!argv[argc];
13: }
14: int t(void) { void ((*volatile p)()); p = (void ((*)()))rb_absint_singlebit_p; return !p; }
/* end */

--------------------

have_func: checking for rb_gc_mark_movable()... -------------------- yes

"clang -fdeclspec -o conftest -I/Users/takakusakidaichi/.rbenv/versions/3.0.7/include/ruby-3.0.0/x86_64-darwin24 -I/Users/takakusakidaichi/.rbenv/versions/3.0.7/include/ruby-3.0.0/ruby/backward -I/Users/takakusakidaichi/.rbenv/versions/3.0.7/include/ruby-3.0.0 -I. -I/usr/local/opt/openssl@1.1/include -I/opt/homebrew/opt/openssl@1.1/include -D_XOPEN_SOURCE -D_DARWIN_C_SOURCE -D_DARWIN_UNLIMITED_SELECT -D_REENTRANT    -w -pipe conftest.c  -L. -L/Users/takakusakidaichi/.rbenv/versions/3.0.7/lib -L/usr/local/opt/openssl@1.1/lib -L. -L/usr/local/opt/openssl@1.1/lib -fstack-protector-strong -L/usr/local/lib     -lruby.3.0-static -framework Security -framework Foundation -lpthread -lgmp -ldl -lobjc   "
checked program was:
/* begin */
 1: #include "ruby.h"
 2: 
 3: /*top*/
 4: extern int t(void);
 5: int main(int argc, char **argv)
 6: {
 7:   if (argc > 1000000) {
 8:     int (* volatile tp)(void)=(int (*)(void))&t;
 9:     printf("%d", (*tp)());
10:   }
11: 
12:   return !!argv[argc];
13: }
14: int t(void) { void ((*volatile p)()); p = (void ((*)()))rb_gc_mark_movable; return !p; }
/* end */

--------------------

have_func: checking for rb_wait_for_single_fd()... -------------------- yes

"clang -fdeclspec -o conftest -I/Users/takakusakidaichi/.rbenv/versions/3.0.7/include/ruby-3.0.0/x86_64-darwin24 -I/Users/takakusakidaichi/.rbenv/versions/3.0.7/include/ruby-3.0.0/ruby/backward -I/Users/takakusakidaichi/.rbenv/versions/3.0.7/include/ruby-3.0.0 -I. -I/usr/local/opt/openssl@1.1/include -I/opt/homebrew/opt/openssl@1.1/include -D_XOPEN_SOURCE -D_DARWIN_C_SOURCE -D_DARWIN_UNLIMITED_SELECT -D_REENTRANT    -w -pipe conftest.c  -L. -L/Users/takakusakidaichi/.rbenv/versions/3.0.7/lib -L/usr/local/opt/openssl@1.1/lib -L. -L/usr/local/opt/openssl@1.1/lib -fstack-protector-strong -L/usr/local/lib     -lruby.3.0-static -framework Security -framework Foundation -lpthread -lgmp -ldl -lobjc   "
conftest.c:14:57: error: use of undeclared identifier 'rb_wait_for_single_fd'
   14 | int t(void) { void ((*volatile p)()); p = (void ((*)()))rb_wait_for_single_fd; return !p; }
      |                                                         ^
1 error generated.
checked program was:
/* begin */
 1: #include "ruby.h"
 2: 
 3: /*top*/
 4: extern int t(void);
 5: int main(int argc, char **argv)
 6: {
 7:   if (argc > 1000000) {
 8:     int (* volatile tp)(void)=(int (*)(void))&t;
 9:     printf("%d", (*tp)());
10:   }
11: 
12:   return !!argv[argc];
13: }
14: int t(void) { void ((*volatile p)()); p = (void ((*)()))rb_wait_for_single_fd; return !p; }
/* end */

"clang -fdeclspec -o conftest -I/Users/takakusakidaichi/.rbenv/versions/3.0.7/include/ruby-3.0.0/x86_64-darwin24 -I/Users/takakusakidaichi/.rbenv/versions/3.0.7/include/ruby-3.0.0/ruby/backward -I/Users/takakusakidaichi/.rbenv/versions/3.0.7/include/ruby-3.0.0 -I. -I/usr/local/opt/openssl@1.1/include -I/opt/homebrew/opt/openssl@1.1/include -D_XOPEN_SOURCE -D_DARWIN_C_SOURCE -D_DARWIN_UNLIMITED_SELECT -D_REENTRANT    -w -pipe conftest.c  -L. -L/Users/takakusakidaichi/.rbenv/versions/3.0.7/lib -L/usr/local/opt/openssl@1.1/lib -L. -L/usr/local/opt/openssl@1.1/lib -fstack-protector-strong -L/usr/local/lib     -lruby.3.0-static -framework Security -framework Foundation -lpthread -lgmp -ldl -lobjc   "
checked program was:
/* begin */
 1: #include "ruby.h"
 2: 
 3: /*top*/
 4: extern int t(void);
 5: int main(int argc, char **argv)
 6: {
 7:   if (argc > 1000000) {
 8:     int (* volatile tp)(void)=(int (*)(void))&t;
 9:     printf("%d", (*tp)());
10:   }
11: 
12:   return !!argv[argc];
13: }
14: extern void rb_wait_for_single_fd();
15: int t(void) { rb_wait_for_single_fd(); return 0; }
/* end */

--------------------

have_func: checking for rb_enc_interned_str() in ruby.h... -------------------- yes

"clang -fdeclspec -o conftest -I/Users/takakusakidaichi/.rbenv/versions/3.0.7/include/ruby-3.0.0/x86_64-darwin24 -I/Users/takakusakidaichi/.rbenv/versions/3.0.7/include/ruby-3.0.0/ruby/backward -I/Users/takakusakidaichi/.rbenv/versions/3.0.7/include/ruby-3.0.0 -I. -I/usr/local/opt/openssl@1.1/include -I/opt/homebrew/opt/openssl@1.1/include -D_XOPEN_SOURCE -D_DARWIN_C_SOURCE -D_DARWIN_UNLIMITED_SELECT -D_REENTRANT    -w -pipe conftest.c  -L. -L/Users/takakusakidaichi/.rbenv/versions/3.0.7/lib -L/usr/local/opt/openssl@1.1/lib -L. -L/usr/local/opt/openssl@1.1/lib -fstack-protector-strong -L/usr/local/lib     -lruby.3.0-static -framework Security -framework Foundation -lpthread -lgmp -ldl -lobjc   "
conftest.c:16:57: error: use of undeclared identifier 'rb_enc_interned_str'
   16 | int t(void) { void ((*volatile p)()); p = (void ((*)()))rb_enc_interned_str; return !p; }
      |                                                         ^
1 error generated.
checked program was:
/* begin */
 1: #include "ruby.h"
 2: 
 3: #include <ruby.h>
 4: 
 5: /*top*/
 6: extern int t(void);
 7: int main(int argc, char **argv)
 8: {
 9:   if (argc > 1000000) {
10:     int (* volatile tp)(void)=(int (*)(void))&t;
11:     printf("%d", (*tp)());
12:   }
13: 
14:   return !!argv[argc];
15: }
16: int t(void) { void ((*volatile p)()); p = (void ((*)()))rb_enc_interned_str; return !p; }
/* end */

"clang -fdeclspec -o conftest -I/Users/takakusakidaichi/.rbenv/versions/3.0.7/include/ruby-3.0.0/x86_64-darwin24 -I/Users/takakusakidaichi/.rbenv/versions/3.0.7/include/ruby-3.0.0/ruby/backward -I/Users/takakusakidaichi/.rbenv/versions/3.0.7/include/ruby-3.0.0 -I. -I/usr/local/opt/openssl@1.1/include -I/opt/homebrew/opt/openssl@1.1/include -D_XOPEN_SOURCE -D_DARWIN_C_SOURCE -D_DARWIN_UNLIMITED_SELECT -D_REENTRANT    -w -pipe conftest.c  -L. -L/Users/takakusakidaichi/.rbenv/versions/3.0.7/lib -L/usr/local/opt/openssl@1.1/lib -L. -L/usr/local/opt/openssl@1.1/lib -fstack-protector-strong -L/usr/local/lib     -lruby.3.0-static -framework Security -framework Foundation -lpthread -lgmp -ldl -lobjc   "
checked program was:
/* begin */
 1: #include "ruby.h"
 2: 
 3: #include <ruby.h>
 4: 
 5: /*top*/
 6: extern int t(void);
 7: int main(int argc, char **argv)
 8: {
 9:   if (argc > 1000000) {
10:     int (* volatile tp)(void)=(int (*)(void))&t;
11:     printf("%d", (*tp)());
12:   }
13: 
14:   return !!argv[argc];
15: }
16: extern void rb_enc_interned_str();
17: int t(void) { rb_enc_interned_str(); return 0; }
/* end */

--------------------

have_header: checking for mysql.h... -------------------- yes

"clang -E -I/Users/takakusakidaichi/.rbenv/versions/3.0.7/include/ruby-3.0.0/x86_64-darwin24 -I/Users/takakusakidaichi/.rbenv/versions/3.0.7/include/ruby-3.0.0/ruby/backward -I/Users/takakusakidaichi/.rbenv/versions/3.0.7/include/ruby-3.0.0 -I. -I/usr/local/Cellar/mysql/9.2.0/include/mysql -I/usr/local/opt/openssl@1.1/include -I/opt/homebrew/opt/openssl@1.1/include -D_XOPEN_SOURCE -D_DARWIN_C_SOURCE -D_DARWIN_UNLIMITED_SELECT -D_REENTRANT    -w -pipe  conftest.c -o conftest.i"
checked program was:
/* begin */
1: #include "ruby.h"
2: 
3: #include <mysql.h>
/* end */

--------------------

have_header: checking for errmsg.h... -------------------- yes

"clang -E -I/Users/takakusakidaichi/.rbenv/versions/3.0.7/include/ruby-3.0.0/x86_64-darwin24 -I/Users/takakusakidaichi/.rbenv/versions/3.0.7/include/ruby-3.0.0/ruby/backward -I/Users/takakusakidaichi/.rbenv/versions/3.0.7/include/ruby-3.0.0 -I. -I/usr/local/Cellar/mysql/9.2.0/include/mysql -I/usr/local/opt/openssl@1.1/include -I/opt/homebrew/opt/openssl@1.1/include -D_XOPEN_SOURCE -D_DARWIN_C_SOURCE -D_DARWIN_UNLIMITED_SELECT -D_REENTRANT    -w -pipe  conftest.c -o conftest.i"
checked program was:
/* begin */
1: #include "ruby.h"
2: 
3: #include <errmsg.h>
/* end */

--------------------

have_const: checking for SSL_MODE_DISABLED in mysql.h... -------------------- yes

"clang -fdeclspec -I/Users/takakusakidaichi/.rbenv/versions/3.0.7/include/ruby-3.0.0/x86_64-darwin24 -I/Users/takakusakidaichi/.rbenv/versions/3.0.7/include/ruby-3.0.0/ruby/backward -I/Users/takakusakidaichi/.rbenv/versions/3.0.7/include/ruby-3.0.0 -I. -I/usr/local/Cellar/mysql/9.2.0/include/mysql -I/usr/local/opt/openssl@1.1/include -I/opt/homebrew/opt/openssl@1.1/include -D_XOPEN_SOURCE -D_DARWIN_C_SOURCE -D_DARWIN_UNLIMITED_SELECT -D_REENTRANT    -w -pipe   -c conftest.c"
checked program was:
/* begin */
1: #include "ruby.h"
2: 
3: #include <mysql.h>
4: 
5: /*top*/
6: typedef int conftest_type;
7: conftest_type conftestval = (int)SSL_MODE_DISABLED;
/* end */

--------------------

have_const: checking for SSL_MODE_PREFERRED in mysql.h... -------------------- yes

"clang -fdeclspec -I/Users/takakusakidaichi/.rbenv/versions/3.0.7/include/ruby-3.0.0/x86_64-darwin24 -I/Users/takakusakidaichi/.rbenv/versions/3.0.7/include/ruby-3.0.0/ruby/backward -I/Users/takakusakidaichi/.rbenv/versions/3.0.7/include/ruby-3.0.0 -I. -I/usr/local/Cellar/mysql/9.2.0/include/mysql -I/usr/local/opt/openssl@1.1/include -I/opt/homebrew/opt/openssl@1.1/include -D_XOPEN_SOURCE -D_DARWIN_C_SOURCE -D_DARWIN_UNLIMITED_SELECT -D_REENTRANT    -w -pipe   -c conftest.c"
checked program was:
/* begin */
1: #include "ruby.h"
2: 
3: #include <mysql.h>
4: 
5: /*top*/
6: typedef int conftest_type;
7: conftest_type conftestval = (int)SSL_MODE_PREFERRED;
/* end */

--------------------

have_const: checking for SSL_MODE_REQUIRED in mysql.h... -------------------- yes

"clang -fdeclspec -I/Users/takakusakidaichi/.rbenv/versions/3.0.7/include/ruby-3.0.0/x86_64-darwin24 -I/Users/takakusakidaichi/.rbenv/versions/3.0.7/include/ruby-3.0.0/ruby/backward -I/Users/takakusakidaichi/.rbenv/versions/3.0.7/include/ruby-3.0.0 -I. -I/usr/local/Cellar/mysql/9.2.0/include/mysql -I/usr/local/opt/openssl@1.1/include -I/opt/homebrew/opt/openssl@1.1/include -D_XOPEN_SOURCE -D_DARWIN_C_SOURCE -D_DARWIN_UNLIMITED_SELECT -D_REENTRANT    -w -pipe   -c conftest.c"
checked program was:
/* begin */
1: #include "ruby.h"
2: 
3: #include <mysql.h>
4: 
5: /*top*/
6: typedef int conftest_type;
7: conftest_type conftestval = (int)SSL_MODE_REQUIRED;
/* end */

--------------------

have_const: checking for SSL_MODE_VERIFY_CA in mysql.h... -------------------- yes

"clang -fdeclspec -I/Users/takakusakidaichi/.rbenv/versions/3.0.7/include/ruby-3.0.0/x86_64-darwin24 -I/Users/takakusakidaichi/.rbenv/versions/3.0.7/include/ruby-3.0.0/ruby/backward -I/Users/takakusakidaichi/.rbenv/versions/3.0.7/include/ruby-3.0.0 -I. -I/usr/local/Cellar/mysql/9.2.0/include/mysql -I/usr/local/opt/openssl@1.1/include -I/opt/homebrew/opt/openssl@1.1/include -D_XOPEN_SOURCE -D_DARWIN_C_SOURCE -D_DARWIN_UNLIMITED_SELECT -D_REENTRANT    -w -pipe   -c conftest.c"
checked program was:
/* begin */
1: #include "ruby.h"
2: 
3: #include <mysql.h>
4: 
5: /*top*/
6: typedef int conftest_type;
7: conftest_type conftestval = (int)SSL_MODE_VERIFY_CA;
/* end */

--------------------

have_const: checking for SSL_MODE_VERIFY_IDENTITY in mysql.h... -------------------- yes

"clang -fdeclspec -I/Users/takakusakidaichi/.rbenv/versions/3.0.7/include/ruby-3.0.0/x86_64-darwin24 -I/Users/takakusakidaichi/.rbenv/versions/3.0.7/include/ruby-3.0.0/ruby/backward -I/Users/takakusakidaichi/.rbenv/versions/3.0.7/include/ruby-3.0.0 -I. -I/usr/local/Cellar/mysql/9.2.0/include/mysql -I/usr/local/opt/openssl@1.1/include -I/opt/homebrew/opt/openssl@1.1/include -D_XOPEN_SOURCE -D_DARWIN_C_SOURCE -D_DARWIN_UNLIMITED_SELECT -D_REENTRANT    -w -pipe   -c conftest.c"
checked program was:
/* begin */
1: #include "ruby.h"
2: 
3: #include <mysql.h>
4: 
5: /*top*/
6: typedef int conftest_type;
7: conftest_type conftestval = (int)SSL_MODE_VERIFY_IDENTITY;
/* end */

--------------------

have_struct_member: checking for MYSQL.net.vio in mysql.h... -------------------- yes

"clang -fdeclspec -I/Users/takakusakidaichi/.rbenv/versions/3.0.7/include/ruby-3.0.0/x86_64-darwin24 -I/Users/takakusakidaichi/.rbenv/versions/3.0.7/include/ruby-3.0.0/ruby/backward -I/Users/takakusakidaichi/.rbenv/versions/3.0.7/include/ruby-3.0.0 -I. -I/usr/local/Cellar/mysql/9.2.0/include/mysql -I/usr/local/opt/openssl@1.1/include -I/opt/homebrew/opt/openssl@1.1/include -D_XOPEN_SOURCE -D_DARWIN_C_SOURCE -D_DARWIN_UNLIMITED_SELECT -D_REENTRANT    -w -pipe -DFULL_SSL_MODE_SUPPORT   -c conftest.c"
checked program was:
/* begin */
 1: #include "ruby.h"
 2: 
 3: #include <mysql.h>
 4: 
 5: /*top*/
 6: int s = (char *)&((MYSQL*)0)->net.vio - (char *)0;
 7: int main(int argc, char **argv)
 8: {
 9:   return !!argv[argc];
10: }
/* end */

--------------------

have_struct_member: checking for MYSQL.net.pvio in mysql.h... -------------------- no

"clang -fdeclspec -I/Users/takakusakidaichi/.rbenv/versions/3.0.7/include/ruby-3.0.0/x86_64-darwin24 -I/Users/takakusakidaichi/.rbenv/versions/3.0.7/include/ruby-3.0.0/ruby/backward -I/Users/takakusakidaichi/.rbenv/versions/3.0.7/include/ruby-3.0.0 -I. -I/usr/local/Cellar/mysql/9.2.0/include/mysql -I/usr/local/opt/openssl@1.1/include -I/opt/homebrew/opt/openssl@1.1/include -D_XOPEN_SOURCE -D_DARWIN_C_SOURCE -D_DARWIN_UNLIMITED_SELECT -D_REENTRANT    -w -pipe -DFULL_SSL_MODE_SUPPORT   -c conftest.c"
conftest.c:6:35: error: no member named 'pvio' in 'struct NET'; did you mean 'vio'?
    6 | int s = (char *)&((MYSQL*)0)->net.pvio - (char *)0;
      |                                   ^~~~
      |                                   vio
/usr/local/Cellar/mysql/9.2.0/include/mysql/mysql_com.h:917:13: note: 'vio' declared here
  917 |   MYSQL_VIO vio;
      |             ^
1 error generated.
checked program was:
/* begin */
 1: #include "ruby.h"
 2: 
 3: #include <mysql.h>
 4: 
 5: /*top*/
 6: int s = (char *)&((MYSQL*)0)->net.pvio - (char *)0;
 7: int main(int argc, char **argv)
 8: {
 9:   return !!argv[argc];
10: }
/* end */

--------------------

have_const: checking for MYSQL_DEFAULT_AUTH in mysql.h... -------------------- yes

"clang -fdeclspec -I/Users/takakusakidaichi/.rbenv/versions/3.0.7/include/ruby-3.0.0/x86_64-darwin24 -I/Users/takakusakidaichi/.rbenv/versions/3.0.7/include/ruby-3.0.0/ruby/backward -I/Users/takakusakidaichi/.rbenv/versions/3.0.7/include/ruby-3.0.0 -I. -I/usr/local/Cellar/mysql/9.2.0/include/mysql -I/usr/local/opt/openssl@1.1/include -I/opt/homebrew/opt/openssl@1.1/include -D_XOPEN_SOURCE -D_DARWIN_C_SOURCE -D_DARWIN_UNLIMITED_SELECT -D_REENTRANT    -w -pipe -DFULL_SSL_MODE_SUPPORT   -c conftest.c"
checked program was:
/* begin */
1: #include "ruby.h"
2: 
3: #include <mysql.h>
4: 
5: /*top*/
6: typedef int conftest_type;
7: conftest_type conftestval = (int)MYSQL_DEFAULT_AUTH;
/* end */

--------------------

have_const: checking for MYSQL_ENABLE_CLEARTEXT_PLUGIN in mysql.h... -------------------- yes

"clang -fdeclspec -I/Users/takakusakidaichi/.rbenv/versions/3.0.7/include/ruby-3.0.0/x86_64-darwin24 -I/Users/takakusakidaichi/.rbenv/versions/3.0.7/include/ruby-3.0.0/ruby/backward -I/Users/takakusakidaichi/.rbenv/versions/3.0.7/include/ruby-3.0.0 -I. -I/usr/local/Cellar/mysql/9.2.0/include/mysql -I/usr/local/opt/openssl@1.1/include -I/opt/homebrew/opt/openssl@1.1/include -D_XOPEN_SOURCE -D_DARWIN_C_SOURCE -D_DARWIN_UNLIMITED_SELECT -D_REENTRANT    -w -pipe -DFULL_SSL_MODE_SUPPORT   -c conftest.c"
checked program was:
/* begin */
1: #include "ruby.h"
2: 
3: #include <mysql.h>
4: 
5: /*top*/
6: typedef int conftest_type;
7: conftest_type conftestval = (int)MYSQL_ENABLE_CLEARTEXT_PLUGIN;
/* end */

--------------------

have_const: checking for SERVER_QUERY_NO_GOOD_INDEX_USED in mysql.h... -------------------- yes

"clang -fdeclspec -I/Users/takakusakidaichi/.rbenv/versions/3.0.7/include/ruby-3.0.0/x86_64-darwin24 -I/Users/takakusakidaichi/.rbenv/versions/3.0.7/include/ruby-3.0.0/ruby/backward -I/Users/takakusakidaichi/.rbenv/versions/3.0.7/include/ruby-3.0.0 -I. -I/usr/local/Cellar/mysql/9.2.0/include/mysql -I/usr/local/opt/openssl@1.1/include -I/opt/homebrew/opt/openssl@1.1/include -D_XOPEN_SOURCE -D_DARWIN_C_SOURCE -D_DARWIN_UNLIMITED_SELECT -D_REENTRANT    -w -pipe -DFULL_SSL_MODE_SUPPORT   -c conftest.c"
checked program was:
/* begin */
1: #include "ruby.h"
2: 
3: #include <mysql.h>
4: 
5: /*top*/
6: typedef int conftest_type;
7: conftest_type conftestval = (int)SERVER_QUERY_NO_GOOD_INDEX_USED;
/* end */

--------------------

have_const: checking for SERVER_QUERY_NO_INDEX_USED in mysql.h... -------------------- yes

"clang -fdeclspec -I/Users/takakusakidaichi/.rbenv/versions/3.0.7/include/ruby-3.0.0/x86_64-darwin24 -I/Users/takakusakidaichi/.rbenv/versions/3.0.7/include/ruby-3.0.0/ruby/backward -I/Users/takakusakidaichi/.rbenv/versions/3.0.7/include/ruby-3.0.0 -I. -I/usr/local/Cellar/mysql/9.2.0/include/mysql -I/usr/local/opt/openssl@1.1/include -I/opt/homebrew/opt/openssl@1.1/include -D_XOPEN_SOURCE -D_DARWIN_C_SOURCE -D_DARWIN_UNLIMITED_SELECT -D_REENTRANT    -w -pipe -DFULL_SSL_MODE_SUPPORT   -c conftest.c"
checked program was:
/* begin */
1: #include "ruby.h"
2: 
3: #include <mysql.h>
4: 
5: /*top*/
6: typedef int conftest_type;
7: conftest_type conftestval = (int)SERVER_QUERY_NO_INDEX_USED;
/* end */

--------------------

have_const: checking for SERVER_QUERY_WAS_SLOW in mysql.h... -------------------- yes

"clang -fdeclspec -I/Users/takakusakidaichi/.rbenv/versions/3.0.7/include/ruby-3.0.0/x86_64-darwin24 -I/Users/takakusakidaichi/.rbenv/versions/3.0.7/include/ruby-3.0.0/ruby/backward -I/Users/takakusakidaichi/.rbenv/versions/3.0.7/include/ruby-3.0.0 -I. -I/usr/local/Cellar/mysql/9.2.0/include/mysql -I/usr/local/opt/openssl@1.1/include -I/opt/homebrew/opt/openssl@1.1/include -D_XOPEN_SOURCE -D_DARWIN_C_SOURCE -D_DARWIN_UNLIMITED_SELECT -D_REENTRANT    -w -pipe -DFULL_SSL_MODE_SUPPORT   -c conftest.c"
checked program was:
/* begin */
1: #include "ruby.h"
2: 
3: #include <mysql.h>
4: 
5: /*top*/
6: typedef int conftest_type;
7: conftest_type conftestval = (int)SERVER_QUERY_WAS_SLOW;
/* end */

--------------------

have_const: checking for MYSQL_OPTION_MULTI_STATEMENTS_ON in mysql.h... -------------------- yes

"clang -fdeclspec -I/Users/takakusakidaichi/.rbenv/versions/3.0.7/include/ruby-3.0.0/x86_64-darwin24 -I/Users/takakusakidaichi/.rbenv/versions/3.0.7/include/ruby-3.0.0/ruby/backward -I/Users/takakusakidaichi/.rbenv/versions/3.0.7/include/ruby-3.0.0 -I. -I/usr/local/Cellar/mysql/9.2.0/include/mysql -I/usr/local/opt/openssl@1.1/include -I/opt/homebrew/opt/openssl@1.1/include -D_XOPEN_SOURCE -D_DARWIN_C_SOURCE -D_DARWIN_UNLIMITED_SELECT -D_REENTRANT    -w -pipe -DFULL_SSL_MODE_SUPPORT   -c conftest.c"
checked program was:
/* begin */
1: #include "ruby.h"
2: 
3: #include <mysql.h>
4: 
5: /*top*/
6: typedef int conftest_type;
7: conftest_type conftestval = (int)MYSQL_OPTION_MULTI_STATEMENTS_ON;
/* end */

--------------------

have_const: checking for MYSQL_OPTION_MULTI_STATEMENTS_OFF in mysql.h... -------------------- yes

"clang -fdeclspec -I/Users/takakusakidaichi/.rbenv/versions/3.0.7/include/ruby-3.0.0/x86_64-darwin24 -I/Users/takakusakidaichi/.rbenv/versions/3.0.7/include/ruby-3.0.0/ruby/backward -I/Users/takakusakidaichi/.rbenv/versions/3.0.7/include/ruby-3.0.0 -I. -I/usr/local/Cellar/mysql/9.2.0/include/mysql -I/usr/local/opt/openssl@1.1/include -I/opt/homebrew/opt/openssl@1.1/include -D_XOPEN_SOURCE -D_DARWIN_C_SOURCE -D_DARWIN_UNLIMITED_SELECT -D_REENTRANT    -w -pipe -DFULL_SSL_MODE_SUPPORT   -c conftest.c"
checked program was:
/* begin */
1: #include "ruby.h"
2: 
3: #include <mysql.h>
4: 
5: /*top*/
6: typedef int conftest_type;
7: conftest_type conftestval = (int)MYSQL_OPTION_MULTI_STATEMENTS_OFF;
/* end */

--------------------

have_type: checking for my_bool in mysql.h... -------------------- no

"clang -fdeclspec -I/Users/takakusakidaichi/.rbenv/versions/3.0.7/include/ruby-3.0.0/x86_64-darwin24 -I/Users/takakusakidaichi/.rbenv/versions/3.0.7/include/ruby-3.0.0/ruby/backward -I/Users/takakusakidaichi/.rbenv/versions/3.0.7/include/ruby-3.0.0 -I. -I/usr/local/Cellar/mysql/9.2.0/include/mysql -I/usr/local/opt/openssl@1.1/include -I/opt/homebrew/opt/openssl@1.1/include -D_XOPEN_SOURCE -D_DARWIN_C_SOURCE -D_DARWIN_UNLIMITED_SELECT -D_REENTRANT    -w -pipe -DFULL_SSL_MODE_SUPPORT   -c conftest.c"
conftest.c:6:9: error: unknown type name 'my_bool'
    6 | typedef my_bool conftest_type;
      |         ^
1 error generated.
checked program was:
/* begin */
1: #include "ruby.h"
2: 
3: #include <mysql.h>
4: 
5: /*top*/
6: typedef my_bool conftest_type;
7: int conftestval[sizeof(conftest_type)?1:-1];
/* end */

--------------------

have_func: checking for mysql_ssl_set() in mysql.h... -------------------- yes

"clang -fdeclspec -o conftest -I/Users/takakusakidaichi/.rbenv/versions/3.0.7/include/ruby-3.0.0/x86_64-darwin24 -I/Users/takakusakidaichi/.rbenv/versions/3.0.7/include/ruby-3.0.0/ruby/backward -I/Users/takakusakidaichi/.rbenv/versions/3.0.7/include/ruby-3.0.0 -I. -I/usr/local/Cellar/mysql/9.2.0/include/mysql -I/usr/local/opt/openssl@1.1/include -I/opt/homebrew/opt/openssl@1.1/include -D_XOPEN_SOURCE -D_DARWIN_C_SOURCE -D_DARWIN_UNLIMITED_SELECT -D_REENTRANT    -w -pipe -DFULL_SSL_MODE_SUPPORT conftest.c  -L. -L/Users/takakusakidaichi/.rbenv/versions/3.0.7/lib -L/usr/local/opt/openssl@1.1/lib -L. -L/usr/local/opt/openssl@1.1/lib -fstack-protector-strong -L/usr/local/lib -L/usr/local/opt/openssl@1.1/lib    -L/usr/local/Cellar/mysql/9.2.0/lib -lmysqlclient -lz  -lzstd  -lssl  -lcrypto -lresolv  -lruby.3.0-static -framework Security -framework Foundation -lpthread -lgmp -ldl -lobjc -L/usr/local/Cellar/mysql/9.2.0/lib -lmysqlclient -lz  -lzstd  -lssl  -lcrypto -lresolv   "
checked program was:
/* begin */
 1: #include "ruby.h"
 2: 
 3: #include <mysql.h>
 4: 
 5: /*top*/
 6: extern int t(void);
 7: int main(int argc, char **argv)
 8: {
 9:   if (argc > 1000000) {
10:     int (* volatile tp)(void)=(int (*)(void))&t;
11:     printf("%d", (*tp)());
12:   }
13: 
14:   return !!argv[argc];
15: }
16: int t(void) { void ((*volatile p)()); p = (void ((*)()))mysql_ssl_set; return !p; }
/* end */

--------------------

"clang -fdeclspec -o conftest -I/Users/takakusakidaichi/.rbenv/versions/3.0.7/include/ruby-3.0.0/x86_64-darwin24 -I/Users/takakusakidaichi/.rbenv/versions/3.0.7/include/ruby-3.0.0/ruby/backward -I/Users/takakusakidaichi/.rbenv/versions/3.0.7/include/ruby-3.0.0 -I. -I/usr/local/Cellar/mysql/9.2.0/include/mysql -I/usr/local/opt/openssl@1.1/include -I/opt/homebrew/opt/openssl@1.1/include -D_XOPEN_SOURCE -D_DARWIN_C_SOURCE -D_DARWIN_UNLIMITED_SELECT -D_REENTRANT    -w -pipe -DFULL_SSL_MODE_SUPPORT conftest.c  -L. -L/Users/takakusakidaichi/.rbenv/versions/3.0.7/lib -L/usr/local/opt/openssl@1.1/lib -L. -L/usr/local/opt/openssl@1.1/lib -fstack-protector-strong -L/usr/local/lib -L/usr/local/opt/openssl@1.1/lib    -L/usr/local/Cellar/mysql/9.2.0/lib -lmysqlclient -lz  -lzstd  -lssl  -lcrypto -lresolv  -lruby.3.0-static -framework Security -framework Foundation -lpthread -lgmp -ldl -lobjc -Werror -Weverything  "
checked program was:
/* begin */
1: #include "ruby.h"
2: 
3: int main() {return 0;}
/* end */

"clang -fdeclspec -o conftest -I/Users/takakusakidaichi/.rbenv/versions/3.0.7/include/ruby-3.0.0/x86_64-darwin24 -I/Users/takakusakidaichi/.rbenv/versions/3.0.7/include/ruby-3.0.0/ruby/backward -I/Users/takakusakidaichi/.rbenv/versions/3.0.7/include/ruby-3.0.0 -I. -I/usr/local/Cellar/mysql/9.2.0/include/mysql -I/usr/local/opt/openssl@1.1/include -I/opt/homebrew/opt/openssl@1.1/include -D_XOPEN_SOURCE -D_DARWIN_C_SOURCE -D_DARWIN_UNLIMITED_SELECT -D_REENTRANT    -w -pipe -DFULL_SSL_MODE_SUPPORT conftest.c  -L. -L/Users/takakusakidaichi/.rbenv/versions/3.0.7/lib -L/usr/local/opt/openssl@1.1/lib -L. -L/usr/local/opt/openssl@1.1/lib -fstack-protector-strong -L/usr/local/lib -L/usr/local/opt/openssl@1.1/lib    -L/usr/local/Cellar/mysql/9.2.0/lib -lmysqlclient -lz  -lzstd  -lssl  -lcrypto -lresolv  -lruby.3.0-static -framework Security -framework Foundation -lpthread -lgmp -ldl -lobjc -Werror -Wno-compound-token-split-by-macro  "
checked program was:
/* begin */
1: #include "ruby.h"
2: 
3: int main() {return 0;}
/* end */

"clang -fdeclspec -o conftest -I/Users/takakusakidaichi/.rbenv/versions/3.0.7/include/ruby-3.0.0/x86_64-darwin24 -I/Users/takakusakidaichi/.rbenv/versions/3.0.7/include/ruby-3.0.0/ruby/backward -I/Users/takakusakidaichi/.rbenv/versions/3.0.7/include/ruby-3.0.0 -I. -I/usr/local/Cellar/mysql/9.2.0/include/mysql -I/usr/local/opt/openssl@1.1/include -I/opt/homebrew/opt/openssl@1.1/include -D_XOPEN_SOURCE -D_DARWIN_C_SOURCE -D_DARWIN_UNLIMITED_SELECT -D_REENTRANT    -w -pipe -DFULL_SSL_MODE_SUPPORT conftest.c  -L. -L/Users/takakusakidaichi/.rbenv/versions/3.0.7/lib -L/usr/local/opt/openssl@1.1/lib -L. -L/usr/local/opt/openssl@1.1/lib -fstack-protector-strong -L/usr/local/lib -L/usr/local/opt/openssl@1.1/lib    -L/usr/local/Cellar/mysql/9.2.0/lib -lmysqlclient -lz  -lzstd  -lssl  -lcrypto -lresolv  -lruby.3.0-static -framework Security -framework Foundation -lpthread -lgmp -ldl -lobjc -Werror -Wno-bad-function-cast  "
checked program was:
/* begin */
1: #include "ruby.h"
2: 
3: int main() {return 0;}
/* end */

"clang -fdeclspec -o conftest -I/Users/takakusakidaichi/.rbenv/versions/3.0.7/include/ruby-3.0.0/x86_64-darwin24 -I/Users/takakusakidaichi/.rbenv/versions/3.0.7/include/ruby-3.0.0/ruby/backward -I/Users/takakusakidaichi/.rbenv/versions/3.0.7/include/ruby-3.0.0 -I. -I/usr/local/Cellar/mysql/9.2.0/include/mysql -I/usr/local/opt/openssl@1.1/include -I/opt/homebrew/opt/openssl@1.1/include -D_XOPEN_SOURCE -D_DARWIN_C_SOURCE -D_DARWIN_UNLIMITED_SELECT -D_REENTRANT    -w -pipe -DFULL_SSL_MODE_SUPPORT conftest.c  -L. -L/Users/takakusakidaichi/.rbenv/versions/3.0.7/lib -L/usr/local/opt/openssl@1.1/lib -L. -L/usr/local/opt/openssl@1.1/lib -fstack-protector-strong -L/usr/local/lib -L/usr/local/opt/openssl@1.1/lib    -L/usr/local/Cellar/mysql/9.2.0/lib -lmysqlclient -lz  -lzstd  -lssl  -lcrypto -lresolv  -lruby.3.0-static -framework Security -framework Foundation -lpthread -lgmp -ldl -lobjc -Werror -Wno-conditional-uninitialized  "
checked program was:
/* begin */
1: #include "ruby.h"
2: 
3: int main() {return 0;}
/* end */

"clang -fdeclspec -o conftest -I/Users/takakusakidaichi/.rbenv/versions/3.0.7/include/ruby-3.0.0/x86_64-darwin24 -I/Users/takakusakidaichi/.rbenv/versions/3.0.7/include/ruby-3.0.0/ruby/backward -I/Users/takakusakidaichi/.rbenv/versions/3.0.7/include/ruby-3.0.0 -I. -I/usr/local/Cellar/mysql/9.2.0/include/mysql -I/usr/local/opt/openssl@1.1/include -I/opt/homebrew/opt/openssl@1.1/include -D_XOPEN_SOURCE -D_DARWIN_C_SOURCE -D_DARWIN_UNLIMITED_SELECT -D_REENTRANT    -w -pipe -DFULL_SSL_MODE_SUPPORT conftest.c  -L. -L/Users/takakusakidaichi/.rbenv/versions/3.0.7/lib -L/usr/local/opt/openssl@1.1/lib -L. -L/usr/local/opt/openssl@1.1/lib -fstack-protector-strong -L/usr/local/lib -L/usr/local/opt/openssl@1.1/lib    -L/usr/local/Cellar/mysql/9.2.0/lib -lmysqlclient -lz  -lzstd  -lssl  -lcrypto -lresolv  -lruby.3.0-static -framework Security -framework Foundation -lpthread -lgmp -ldl -lobjc -Werror -Wno-covered-switch-default  "
checked program was:
/* begin */
1: #include "ruby.h"
2: 
3: int main() {return 0;}
/* end */

"clang -fdeclspec -o conftest -I/Users/takakusakidaichi/.rbenv/versions/3.0.7/include/ruby-3.0.0/x86_64-darwin24 -I/Users/takakusakidaichi/.rbenv/versions/3.0.7/include/ruby-3.0.0/ruby/backward -I/Users/takakusakidaichi/.rbenv/versions/3.0.7/include/ruby-3.0.0 -I. -I/usr/local/Cellar/mysql/9.2.0/include/mysql -I/usr/local/opt/openssl@1.1/include -I/opt/homebrew/opt/openssl@1.1/include -D_XOPEN_SOURCE -D_DARWIN_C_SOURCE -D_DARWIN_UNLIMITED_SELECT -D_REENTRANT    -w -pipe -DFULL_SSL_MODE_SUPPORT conftest.c  -L. -L/Users/takakusakidaichi/.rbenv/versions/3.0.7/lib -L/usr/local/opt/openssl@1.1/lib -L. -L/usr/local/opt/openssl@1.1/lib -fstack-protector-strong -L/usr/local/lib -L/usr/local/opt/openssl@1.1/lib    -L/usr/local/Cellar/mysql/9.2.0/lib -lmysqlclient -lz  -lzstd  -lssl  -lcrypto -lresolv  -lruby.3.0-static -framework Security -framework Foundation -lpthread -lgmp -ldl -lobjc -Werror -Wno-declaration-after-statement  "
checked program was:
/* begin */
1: #include "ruby.h"
2: 
3: int main() {return 0;}
/* end */

"clang -fdeclspec -o conftest -I/Users/takakusakidaichi/.rbenv/versions/3.0.7/include/ruby-3.0.0/x86_64-darwin24 -I/Users/takakusakidaichi/.rbenv/versions/3.0.7/include/ruby-3.0.0/ruby/backward -I/Users/takakusakidaichi/.rbenv/versions/3.0.7/include/ruby-3.0.0 -I. -I/usr/local/Cellar/mysql/9.2.0/include/mysql -I/usr/local/opt/openssl@1.1/include -I/opt/homebrew/opt/openssl@1.1/include -D_XOPEN_SOURCE -D_DARWIN_C_SOURCE -D_DARWIN_UNLIMITED_SELECT -D_REENTRANT    -w -pipe -DFULL_SSL_MODE_SUPPORT conftest.c  -L. -L/Users/takakusakidaichi/.rbenv/versions/3.0.7/lib -L/usr/local/opt/openssl@1.1/lib -L. -L/usr/local/opt/openssl@1.1/lib -fstack-protector-strong -L/usr/local/lib -L/usr/local/opt/openssl@1.1/lib    -L/usr/local/Cellar/mysql/9.2.0/lib -lmysqlclient -lz  -lzstd  -lssl  -lcrypto -lresolv  -lruby.3.0-static -framework Security -framework Foundation -lpthread -lgmp -ldl -lobjc -Werror -Wno-disabled-macro-expansion  "
checked program was:
/* begin */
1: #include "ruby.h"
2: 
3: int main() {return 0;}
/* end */

"clang -fdeclspec -o conftest -I/Users/takakusakidaichi/.rbenv/versions/3.0.7/include/ruby-3.0.0/x86_64-darwin24 -I/Users/takakusakidaichi/.rbenv/versions/3.0.7/include/ruby-3.0.0/ruby/backward -I/Users/takakusakidaichi/.rbenv/versions/3.0.7/include/ruby-3.0.0 -I. -I/usr/local/Cellar/mysql/9.2.0/include/mysql -I/usr/local/opt/openssl@1.1/include -I/opt/homebrew/opt/openssl@1.1/include -D_XOPEN_SOURCE -D_DARWIN_C_SOURCE -D_DARWIN_UNLIMITED_SELECT -D_REENTRANT    -w -pipe -DFULL_SSL_MODE_SUPPORT conftest.c  -L. -L/Users/takakusakidaichi/.rbenv/versions/3.0.7/lib -L/usr/local/opt/openssl@1.1/lib -L. -L/usr/local/opt/openssl@1.1/lib -fstack-protector-strong -L/usr/local/lib -L/usr/local/opt/openssl@1.1/lib    -L/usr/local/Cellar/mysql/9.2.0/lib -lmysqlclient -lz  -lzstd  -lssl  -lcrypto -lresolv  -lruby.3.0-static -framework Security -framework Foundation -lpthread -lgmp -ldl -lobjc -Werror -Wno-documentation-unknown-command  "
checked program was:
/* begin */
1: #include "ruby.h"
2: 
3: int main() {return 0;}
/* end */

"clang -fdeclspec -o conftest -I/Users/takakusakidaichi/.rbenv/versions/3.0.7/include/ruby-3.0.0/x86_64-darwin24 -I/Users/takakusakidaichi/.rbenv/versions/3.0.7/include/ruby-3.0.0/ruby/backward -I/Users/takakusakidaichi/.rbenv/versions/3.0.7/include/ruby-3.0.0 -I. -I/usr/local/Cellar/mysql/9.2.0/include/mysql -I/usr/local/opt/openssl@1.1/include -I/opt/homebrew/opt/openssl@1.1/include -D_XOPEN_SOURCE -D_DARWIN_C_SOURCE -D_DARWIN_UNLIMITED_SELECT -D_REENTRANT    -w -pipe -DFULL_SSL_MODE_SUPPORT conftest.c  -L. -L/Users/takakusakidaichi/.rbenv/versions/3.0.7/lib -L/usr/local/opt/openssl@1.1/lib -L. -L/usr/local/opt/openssl@1.1/lib -fstack-protector-strong -L/usr/local/lib -L/usr/local/opt/openssl@1.1/lib    -L/usr/local/Cellar/mysql/9.2.0/lib -lmysqlclient -lz  -lzstd  -lssl  -lcrypto -lresolv  -lruby.3.0-static -framework Security -framework Foundation -lpthread -lgmp -ldl -lobjc -Werror -Wno-missing-field-initializers  "
checked program was:
/* begin */
1: #include "ruby.h"
2: 
3: int main() {return 0;}
/* end */

"clang -fdeclspec -o conftest -I/Users/takakusakidaichi/.rbenv/versions/3.0.7/include/ruby-3.0.0/x86_64-darwin24 -I/Users/takakusakidaichi/.rbenv/versions/3.0.7/include/ruby-3.0.0/ruby/backward -I/Users/takakusakidaichi/.rbenv/versions/3.0.7/include/ruby-3.0.0 -I. -I/usr/local/Cellar/mysql/9.2.0/include/mysql -I/usr/local/opt/openssl@1.1/include -I/opt/homebrew/opt/openssl@1.1/include -D_XOPEN_SOURCE -D_DARWIN_C_SOURCE -D_DARWIN_UNLIMITED_SELECT -D_REENTRANT    -w -pipe -DFULL_SSL_MODE_SUPPORT conftest.c  -L. -L/Users/takakusakidaichi/.rbenv/versions/3.0.7/lib -L/usr/local/opt/openssl@1.1/lib -L. -L/usr/local/opt/openssl@1.1/lib -fstack-protector-strong -L/usr/local/lib -L/usr/local/opt/openssl@1.1/lib    -L/usr/local/Cellar/mysql/9.2.0/lib -lmysqlclient -lz  -lzstd  -lssl  -lcrypto -lresolv  -lruby.3.0-static -framework Security -framework Foundation -lpthread -lgmp -ldl -lobjc -Werror -Wno-missing-variable-declarations  "
checked program was:
/* begin */
1: #include "ruby.h"
2: 
3: int main() {return 0;}
/* end */

"clang -fdeclspec -o conftest -I/Users/takakusakidaichi/.rbenv/versions/3.0.7/include/ruby-3.0.0/x86_64-darwin24 -I/Users/takakusakidaichi/.rbenv/versions/3.0.7/include/ruby-3.0.0/ruby/backward -I/Users/takakusakidaichi/.rbenv/versions/3.0.7/include/ruby-3.0.0 -I. -I/usr/local/Cellar/mysql/9.2.0/include/mysql -I/usr/local/opt/openssl@1.1/include -I/opt/homebrew/opt/openssl@1.1/include -D_XOPEN_SOURCE -D_DARWIN_C_SOURCE -D_DARWIN_UNLIMITED_SELECT -D_REENTRANT    -w -pipe -DFULL_SSL_MODE_SUPPORT conftest.c  -L. -L/Users/takakusakidaichi/.rbenv/versions/3.0.7/lib -L/usr/local/opt/openssl@1.1/lib -L. -L/usr/local/opt/openssl@1.1/lib -fstack-protector-strong -L/usr/local/lib -L/usr/local/opt/openssl@1.1/lib    -L/usr/local/Cellar/mysql/9.2.0/lib -lmysqlclient -lz  -lzstd  -lssl  -lcrypto -lresolv  -lruby.3.0-static -framework Security -framework Foundation -lpthread -lgmp -ldl -lobjc -Werror -Wno-padded  "
checked program was:
/* begin */
1: #include "ruby.h"
2: 
3: int main() {return 0;}
/* end */

"clang -fdeclspec -o conftest -I/Users/takakusakidaichi/.rbenv/versions/3.0.7/include/ruby-3.0.0/x86_64-darwin24 -I/Users/takakusakidaichi/.rbenv/versions/3.0.7/include/ruby-3.0.0/ruby/backward -I/Users/takakusakidaichi/.rbenv/versions/3.0.7/include/ruby-3.0.0 -I. -I/usr/local/Cellar/mysql/9.2.0/include/mysql -I/usr/local/opt/openssl@1.1/include -I/opt/homebrew/opt/openssl@1.1/include -D_XOPEN_SOURCE -D_DARWIN_C_SOURCE -D_DARWIN_UNLIMITED_SELECT -D_REENTRANT    -w -pipe -DFULL_SSL_MODE_SUPPORT conftest.c  -L. -L/Users/takakusakidaichi/.rbenv/versions/3.0.7/lib -L/usr/local/opt/openssl@1.1/lib -L. -L/usr/local/opt/openssl@1.1/lib -fstack-protector-strong -L/usr/local/lib -L/usr/local/opt/openssl@1.1/lib    -L/usr/local/Cellar/mysql/9.2.0/lib -lmysqlclient -lz  -lzstd  -lssl  -lcrypto -lresolv  -lruby.3.0-static -framework Security -framework Foundation -lpthread -lgmp -ldl -lobjc -Werror -Wno-reserved-id-macro  "
checked program was:
/* begin */
1: #include "ruby.h"
2: 
3: int main() {return 0;}
/* end */

"clang -fdeclspec -o conftest -I/Users/takakusakidaichi/.rbenv/versions/3.0.7/include/ruby-3.0.0/x86_64-darwin24 -I/Users/takakusakidaichi/.rbenv/versions/3.0.7/include/ruby-3.0.0/ruby/backward -I/Users/takakusakidaichi/.rbenv/versions/3.0.7/include/ruby-3.0.0 -I. -I/usr/local/Cellar/mysql/9.2.0/include/mysql -I/usr/local/opt/openssl@1.1/include -I/opt/homebrew/opt/openssl@1.1/include -D_XOPEN_SOURCE -D_DARWIN_C_SOURCE -D_DARWIN_UNLIMITED_SELECT -D_REENTRANT    -w -pipe -DFULL_SSL_MODE_SUPPORT conftest.c  -L. -L/Users/takakusakidaichi/.rbenv/versions/3.0.7/lib -L/usr/local/opt/openssl@1.1/lib -L. -L/usr/local/opt/openssl@1.1/lib -fstack-protector-strong -L/usr/local/lib -L/usr/local/opt/openssl@1.1/lib    -L/usr/local/Cellar/mysql/9.2.0/lib -lmysqlclient -lz  -lzstd  -lssl  -lcrypto -lresolv  -lruby.3.0-static -framework Security -framework Foundation -lpthread -lgmp -ldl -lobjc -Werror -Wno-sign-conversion  "
checked program was:
/* begin */
1: #include "ruby.h"
2: 
3: int main() {return 0;}
/* end */

"clang -fdeclspec -o conftest -I/Users/takakusakidaichi/.rbenv/versions/3.0.7/include/ruby-3.0.0/x86_64-darwin24 -I/Users/takakusakidaichi/.rbenv/versions/3.0.7/include/ruby-3.0.0/ruby/backward -I/Users/takakusakidaichi/.rbenv/versions/3.0.7/include/ruby-3.0.0 -I. -I/usr/local/Cellar/mysql/9.2.0/include/mysql -I/usr/local/opt/openssl@1.1/include -I/opt/homebrew/opt/openssl@1.1/include -D_XOPEN_SOURCE -D_DARWIN_C_SOURCE -D_DARWIN_UNLIMITED_SELECT -D_REENTRANT    -w -pipe -DFULL_SSL_MODE_SUPPORT conftest.c  -L. -L/Users/takakusakidaichi/.rbenv/versions/3.0.7/lib -L/usr/local/opt/openssl@1.1/lib -L. -L/usr/local/opt/openssl@1.1/lib -fstack-protector-strong -L/usr/local/lib -L/usr/local/opt/openssl@1.1/lib    -L/usr/local/Cellar/mysql/9.2.0/lib -lmysqlclient -lz  -lzstd  -lssl  -lcrypto -lresolv  -lruby.3.0-static -framework Security -framework Foundation -lpthread -lgmp -ldl -lobjc -Werror -Wno-static-in-inline  "
checked program was:
/* begin */
1: #include "ruby.h"
2: 
3: int main() {return 0;}
/* end */

"clang -fdeclspec -o conftest -I/Users/takakusakidaichi/.rbenv/versions/3.0.7/include/ruby-3.0.0/x86_64-darwin24 -I/Users/takakusakidaichi/.rbenv/versions/3.0.7/include/ruby-3.0.0/ruby/backward -I/Users/takakusakidaichi/.rbenv/versions/3.0.7/include/ruby-3.0.0 -I. -I/usr/local/Cellar/mysql/9.2.0/include/mysql -I/usr/local/opt/openssl@1.1/include -I/opt/homebrew/opt/openssl@1.1/include -D_XOPEN_SOURCE -D_DARWIN_C_SOURCE -D_DARWIN_UNLIMITED_SELECT -D_REENTRANT    -w -pipe -DFULL_SSL_MODE_SUPPORT conftest.c  -L. -L/Users/takakusakidaichi/.rbenv/versions/3.0.7/lib -L/usr/local/opt/openssl@1.1/lib -L. -L/usr/local/opt/openssl@1.1/lib -fstack-protector-strong -L/usr/local/lib -L/usr/local/opt/openssl@1.1/lib    -L/usr/local/Cellar/mysql/9.2.0/lib -lmysqlclient -lz  -lzstd  -lssl  -lcrypto -lresolv  -lruby.3.0-static -framework Security -framework Foundation -lpthread -lgmp -ldl -lobjc -Werror -Wno-switch-enum  "
checked program was:
/* begin */
1: #include "ruby.h"
2: 
3: int main() {return 0;}
/* end */

"clang -fdeclspec -o conftest -I/Users/takakusakidaichi/.rbenv/versions/3.0.7/include/ruby-3.0.0/x86_64-darwin24 -I/Users/takakusakidaichi/.rbenv/versions/3.0.7/include/ruby-3.0.0/ruby/backward -I/Users/takakusakidaichi/.rbenv/versions/3.0.7/include/ruby-3.0.0 -I. -I/usr/local/Cellar/mysql/9.2.0/include/mysql -I/usr/local/opt/openssl@1.1/include -I/opt/homebrew/opt/openssl@1.1/include -D_XOPEN_SOURCE -D_DARWIN_C_SOURCE -D_DARWIN_UNLIMITED_SELECT -D_REENTRANT    -w -pipe -DFULL_SSL_MODE_SUPPORT conftest.c  -L. -L/Users/takakusakidaichi/.rbenv/versions/3.0.7/lib -L/usr/local/opt/openssl@1.1/lib -L. -L/usr/local/opt/openssl@1.1/lib -fstack-protector-strong -L/usr/local/lib -L/usr/local/opt/openssl@1.1/lib    -L/usr/local/Cellar/mysql/9.2.0/lib -lmysqlclient -lz  -lzstd  -lssl  -lcrypto -lresolv  -lruby.3.0-static -framework Security -framework Foundation -lpthread -lgmp -ldl -lobjc -Werror -Wno-undef  "
checked program was:
/* begin */
1: #include "ruby.h"
2: 
3: int main() {return 0;}
/* end */

"clang -fdeclspec -o conftest -I/Users/takakusakidaichi/.rbenv/versions/3.0.7/include/ruby-3.0.0/x86_64-darwin24 -I/Users/takakusakidaichi/.rbenv/versions/3.0.7/include/ruby-3.0.0/ruby/backward -I/Users/takakusakidaichi/.rbenv/versions/3.0.7/include/ruby-3.0.0 -I. -I/usr/local/Cellar/mysql/9.2.0/include/mysql -I/usr/local/opt/openssl@1.1/include -I/opt/homebrew/opt/openssl@1.1/include -D_XOPEN_SOURCE -D_DARWIN_C_SOURCE -D_DARWIN_UNLIMITED_SELECT -D_REENTRANT    -w -pipe -DFULL_SSL_MODE_SUPPORT conftest.c  -L. -L/Users/takakusakidaichi/.rbenv/versions/3.0.7/lib -L/usr/local/opt/openssl@1.1/lib -L. -L/usr/local/opt/openssl@1.1/lib -fstack-protector-strong -L/usr/local/lib -L/usr/local/opt/openssl@1.1/lib    -L/usr/local/Cellar/mysql/9.2.0/lib -lmysqlclient -lz  -lzstd  -lssl  -lcrypto -lresolv  -lruby.3.0-static -framework Security -framework Foundation -lpthread -lgmp -ldl -lobjc -Werror -Wno-unreachable-code  "
checked program was:
/* begin */
1: #include "ruby.h"
2: 
3: int main() {return 0;}
/* end */

"clang -fdeclspec -o conftest -I/Users/takakusakidaichi/.rbenv/versions/3.0.7/include/ruby-3.0.0/x86_64-darwin24 -I/Users/takakusakidaichi/.rbenv/versions/3.0.7/include/ruby-3.0.0/ruby/backward -I/Users/takakusakidaichi/.rbenv/versions/3.0.7/include/ruby-3.0.0 -I. -I/usr/local/Cellar/mysql/9.2.0/include/mysql -I/usr/local/opt/openssl@1.1/include -I/opt/homebrew/opt/openssl@1.1/include -D_XOPEN_SOURCE -D_DARWIN_C_SOURCE -D_DARWIN_UNLIMITED_SELECT -D_REENTRANT    -w -pipe -DFULL_SSL_MODE_SUPPORT conftest.c  -L. -L/Users/takakusakidaichi/.rbenv/versions/3.0.7/lib -L/usr/local/opt/openssl@1.1/lib -L. -L/usr/local/opt/openssl@1.1/lib -fstack-protector-strong -L/usr/local/lib -L/usr/local/opt/openssl@1.1/lib    -L/usr/local/Cellar/mysql/9.2.0/lib -lmysqlclient -lz  -lzstd  -lssl  -lcrypto -lresolv  -lruby.3.0-static -framework Security -framework Foundation -lpthread -lgmp -ldl -lobjc -Werror -Wno-used-but-marked-unused  "
checked program was:
/* begin */
1: #include "ruby.h"
2: 
3: int main() {return 0;}
/* end */

"clang -fdeclspec -o conftest -I/Users/takakusakidaichi/.rbenv/versions/3.0.7/include/ruby-3.0.0/x86_64-darwin24 -I/Users/takakusakidaichi/.rbenv/versions/3.0.7/include/ruby-3.0.0/ruby/backward -I/Users/takakusakidaichi/.rbenv/versions/3.0.7/include/ruby-3.0.0 -I. -I/usr/local/Cellar/mysql/9.2.0/include/mysql -I/usr/local/opt/openssl@1.1/include -I/opt/homebrew/opt/openssl@1.1/include -D_XOPEN_SOURCE -D_DARWIN_C_SOURCE -D_DARWIN_UNLIMITED_SELECT -D_REENTRANT    -w -pipe -DFULL_SSL_MODE_SUPPORT -Weverything -Wno-compound-token-split-by-macro -Wno-bad-function-cast -Wno-conditional-uninitialized -Wno-covered-switch-default -Wno-declaration-after-statement -Wno-disabled-macro-expansion -Wno-documentation-unknown-command -Wno-missing-field-initializers -Wno-missing-variable-declarations -Wno-padded -Wno-reserved-id-macro -Wno-sign-conversion -Wno-static-in-inline -Wno-switch-enum -Wno-undef -Wno-unreachable-code -Wno-used-but-marked-unused conftest.c  -L. -L/Users/takakusakidaichi/.rbenv/versions/3.0.7/lib -L/usr/local/opt/openssl@1.1/lib -L. -L/usr/local/opt/openssl@1.1/lib -fstack-protector-strong -L/usr/local/lib -L/usr/local/opt/openssl@1.1/lib    -L/usr/local/Cellar/mysql/9.2.0/lib -lmysqlclient -lz  -lzstd  -lssl  -lcrypto -lresolv  -lruby.3.0-static -framework Security -framework Foundation -lpthread -lgmp -ldl -lobjc  -Wl,-rpath,/usr/local/Cellar/mysql/9.2.0/lib  "
checked program was:
/* begin */
1: #include "ruby.h"
2: 
3: int main() {return 0;}
/* end */

